outputs/logs/manifest-merger-debug-report.txt
-- Merging decision tree log ---
manifest
ADDED from src\main\AndroidManifest.xml:2:1-22:12
INJECTED from src\main\AndroidManifest.xml:2:1-22:12
INJECTED from src\main\AndroidManifest.xml:2:1-22:12
INJECTED from src\main\AndroidManifest.xml:2:1-22:12
MERGED from [com.android.support:appcompat-v7:27.1.1] AndroidManifest.xml:17:1-22:12
MERGED from [com.android.support.constraint:constraint-layout:1.1.0] AndroidManifest.xml:2:1-11:12
MERGED from [com.nispok:snackbar:2.6.1] AndroidManifest.xml:2:1-12:12
MERGED from [com.jjoe64:graphview:4.2.1] AndroidManifest.xml:2:1-14:12
MERGED from [com.android.support:recyclerview-v7:21.0.2] AndroidManifest.xml:14:4-20:12
MERGED from [com.android.support:support-v4:27.1.1] AndroidManifest.xml:17:1-22:12
MERGED from [com.android.support:support-fragment:27.1.1] AndroidManifest.xml:17:1-22:12
MERGED from [com.android.support:animated-vector-drawable:27.1.1] AndroidManifest.xml:17:1-22:12
MERGED from [com.android.support:support-core-ui:27.1.1] AndroidManifest.xml:17:1-22:12
MERGED from [com.android.support:support-core-utils:27.1.1] AndroidManifest.xml:17:1-22:12
MERGED from [com.android.support:support-vector-drawable:27.1.1] AndroidManifest.xml:17:1-22:12
MERGED from [com.android.support:support-media-compat:27.1.1] AndroidManifest.xml:17:1-22:12
MERGED from [com.android.support:support-compat:27.1.1] AndroidManifest.xml:17:1-22:12
MERGED from [android.arch.lifecycle:livedata-core:1.1.0] AndroidManifest.xml:17:1-22:12
MERGED from [android.arch.lifecycle:viewmodel:1.1.0] AndroidManifest.xml:17:1-22:12
MERGED from [android.arch.lifecycle:runtime:1.1.0] AndroidManifest.xml:17:1-22:12
MERGED from [android.arch.core:runtime:1.1.0] AndroidManifest.xml:17:1-22:12
INJECTED from src\main\AndroidManifest.xml:2:1-22:12
INJECTED from src\main\AndroidManifest.xml:2:1-22:12
INJECTED from src\main\AndroidManifest.xml:2:1-22:12
	package
		ADDED from src\main\AndroidManifest.xml:3:5-75
		INJECTED from src\main\AndroidManifest.xml
		INJECTED from src\main\AndroidManifest.xml
	android:versionName
		INJECTED from src\main\AndroidManifest.xml
		ADDED from src\main\AndroidManifest.xml:2:1-22:12
		INJECTED from src\main\AndroidManifest.xml
	android:versionCode
		INJECTED from src\main\AndroidManifest.xml
		ADDED from src\main\AndroidManifest.xml:2:1-22:12
		INJECTED from src\main\AndroidManifest.xml
	xmlns:android
		ADDED from src\main\AndroidManifest.xml:2:11-69
uses-permission#android.permission.INTERNET
ADDED from src\main\AndroidManifest.xml:4:5-67
	android:name
		ADDED from src\main\AndroidManifest.xml:4:22-64
uses-permission#android.permission.ACCESS_NETWORK_STATE
ADDED from src\main\AndroidManifest.xml:5:5-79
	android:name
		ADDED from src\main\AndroidManifest.xml:5:22-76
application
ADDED from src\main\AndroidManifest.xml:6:5-20:19
MERGED from [com.android.support.constraint:constraint-layout:1.1.0] AndroidManifest.xml:9:5-20
MERGED from [com.android.support.constraint:constraint-layout:1.1.0] AndroidManifest.xml:9:5-20
MERGED from [com.nispok:snackbar:2.6.1] AndroidManifest.xml:10:5-20
MERGED from [com.nispok:snackbar:2.6.1] AndroidManifest.xml:10:5-20
MERGED from [com.jjoe64:graphview:4.2.1] AndroidManifest.xml:11:5-12:19
MERGED from [com.jjoe64:graphview:4.2.1] AndroidManifest.xml:11:5-12:19
MERGED from [com.android.support:recyclerview-v7:21.0.2] AndroidManifest.xml:17:5-19:19
MERGED from [com.android.support:recyclerview-v7:21.0.2] AndroidManifest.xml:17:5-19:19
	android:supportsRtl
		ADDED from src\main\AndroidManifest.xml:11:9-35
	android:label
		ADDED from src\main\AndroidManifest.xml:9:9-41
	android:roundIcon
		ADDED from src\main\AndroidManifest.xml:10:9-54
	android:icon
		ADDED from src\main\AndroidManifest.xml:8:9-43
	android:allowBackup
		ADDED from src\main\AndroidManifest.xml:7:9-35
	android:theme
		ADDED from src\main\AndroidManifest.xml:12:9-40
activity#com.fgcu.maintenanceproject.weatherstationandroidapplication.Activity.WeatherStationActivity
ADDED from src\main\AndroidManifest.xml:13:9-19:20
	android:name
		ADDED from src\main\AndroidManifest.xml:13:19-66
intent-filter#action:name:android.intent.action.MAIN+category:name:android.intent.category.LAUNCHER
ADDED from src\main\AndroidManifest.xml:14:13-18:29
action#android.intent.action.MAIN
ADDED from src\main\AndroidManifest.xml:15:17-69
	android:name
		ADDED from src\main\AndroidManifest.xml:15:25-66
category#android.intent.category.LAUNCHER
ADDED from src\main\AndroidManifest.xml:17:17-77
	android:name
		ADDED from src\main\AndroidManifest.xml:17:27-74
uses-sdk
INJECTED from src\main\AndroidManifest.xml reason: use-sdk injection requested
INJECTED from src\main\AndroidManifest.xml
INJECTED from src\main\AndroidManifest.xml
MERGED from [com.android.support:appcompat-v7:27.1.1] AndroidManifest.xml:20:5-44
MERGED from [com.android.support:appcompat-v7:27.1.1] AndroidManifest.xml:20:5-44
MERGED from [com.android.support.constraint:constraint-layout:1.1.0] AndroidManifest.xml:5:5-7:41
MERGED from [com.android.support.constraint:constraint-layout:1.1.0] AndroidManifest.xml:5:5-7:41
MERGED from [com.nispok:snackbar:2.6.1] AndroidManifest.xml:6:5-8:41
MERGED from [com.nispok:snackbar:2.6.1] AndroidManifest.xml:6:5-8:41
MERGED from [com.jjoe64:graphview:4.2.1] AndroidManifest.xml:7:5-9:41
MERGED from [com.jjoe64:graphview:4.2.1] AndroidManifest.xml:7:5-9:41
MERGED from [com.android.support:recyclerview-v7:21.0.2] AndroidManifest.xml:15:5-42
MERGED from [com.android.support:recyclerview-v7:21.0.2] AndroidManifest.xml:15:5-42
MERGED from [com.android.support:support-v4:27.1.1] AndroidManifest.xml:20:5-44
MERGED from [com.android.support:support-v4:27.1.1] AndroidManifest.xml:20:5-44
MERGED from [com.android.support:support-fragment:27.1.1] AndroidManifest.xml:20:5-44
MERGED from [com.android.support:support-fragment:27.1.1] AndroidManifest.xml:20:5-44
MERGED from [com.android.support:animated-vector-drawable:27.1.1] AndroidManifest.xml:20:5-44
MERGED from [com.android.support:animated-vector-drawable:27.1.1] AndroidManifest.xml:20:5-44
MERGED from [com.android.support:support-core-ui:27.1.1] AndroidManifest.xml:20:5-44
MERGED from [com.android.support:support-core-ui:27.1.1] AndroidManifest.xml:20:5-44
MERGED from [com.android.support:support-core-utils:27.1.1] AndroidManifest.xml:20:5-44
MERGED from [com.android.support:support-core-utils:27.1.1] AndroidManifest.xml:20:5-44
MERGED from [com.android.support:support-vector-drawable:27.1.1] AndroidManifest.xml:20:5-44
MERGED from [com.android.support:support-vector-drawable:27.1.1] AndroidManifest.xml:20:5-44
MERGED from [com.android.support:support-media-compat:27.1.1] AndroidManifest.xml:20:5-44
MERGED from [com.android.support:support-media-compat:27.1.1] AndroidManifest.xml:20:5-44
MERGED from [com.android.support:support-compat:27.1.1] AndroidManifest.xml:20:5-44
MERGED from [com.android.support:support-compat:27.1.1] AndroidManifest.xml:20:5-44
MERGED from [android.arch.lifecycle:livedata-core:1.1.0] AndroidManifest.xml:20:5-44
MERGED from [android.arch.lifecycle:livedata-core:1.1.0] AndroidManifest.xml:20:5-44
MERGED from [android.arch.lifecycle:viewmodel:1.1.0] AndroidManifest.xml:20:5-44
MERGED from [android.arch.lifecycle:viewmodel:1.1.0] AndroidManifest.xml:20:5-44
MERGED from [android.arch.lifecycle:runtime:1.1.0] AndroidManifest.xml:20:5-44
MERGED from [android.arch.lifecycle:runtime:1.1.0] AndroidManifest.xml:20:5-44
MERGED from [android.arch.core:runtime:1.1.0] AndroidManifest.xml:20:5-44
MERGED from [android.arch.core:runtime:1.1.0] AndroidManifest.xml:20:5-44
INJECTED from src\main\AndroidManifest.xml
INJECTED from src\main\AndroidManifest.xml
	android:targetSdkVersion
		INJECTED from src\main\AndroidManifest.xml
		ADDED from src\main\AndroidManifest.xml
		INJECTED from src\main\AndroidManifest.xml
	android:minSdkVersion
		INJECTED from src\main\AndroidManifest.xml
		ADDED from src\main\AndroidManifest.xml
		INJECTED from src\main\AndroidManifest.xml
activity#android.support.v7.widget.TestActivity
ADDED from [com.android.support:recyclerview-v7:21.0.2] AndroidManifest.xml:18:9-115
	android:label
		ADDED from [com.android.support:recyclerview-v7:21.0.2] AndroidManifest.xml:18:19-59
	android:name
		ADDED from [com.android.support:recyclerview-v7:21.0.2] AndroidManifest.xml:18:60-113